<?xml version="1.0" encoding="UTF-8"?>
<!-- Generated by org.testng.reporters.JUnitXMLReporter -->
<testsuite hostname="LAPTOP-4UGRMRTF" failures="0" tests="1" name="Test" time="0.143" errors="0" timestamp="6 Jun 2021 05:57:32 GMT">
  <testcase classname="example.NewTest" name="@BeforeTest beforeTest" time="0.0">
    <failure type="java.lang.IllegalStateException" message="The driver executable does not exist: C:\Users\Parvana\eclipse-workspace\WebDriverTest\src\test\java\example\geckodriver.exe">
      <![CDATA[java.lang.IllegalStateException: The driver executable does not exist: C:\Users\Parvana\eclipse-workspace\WebDriverTest\src\test\java\example\geckodriver.exe
	at com.google.common.base.Preconditions.checkState(Preconditions.java:585)
	at org.openqa.selenium.remote.service.DriverService.checkExecutable(DriverService.java:146)
	at org.openqa.selenium.remote.service.DriverService.findExecutable(DriverService.java:141)
	at org.openqa.selenium.firefox.GeckoDriverService.access$100(GeckoDriverService.java:44)
	at org.openqa.selenium.firefox.GeckoDriverService$Builder.findDefaultExecutable(GeckoDriverService.java:167)
	at org.openqa.selenium.remote.service.DriverService$Builder.build(DriverService.java:355)
	at org.openqa.selenium.firefox.FirefoxDriver.toExecutor(FirefoxDriver.java:190)
	at org.openqa.selenium.firefox.FirefoxDriver.<init>(FirefoxDriver.java:147)
	at org.openqa.selenium.firefox.FirefoxDriver.<init>(FirefoxDriver.java:125)
	at example.NewTest.beforeTest(NewTest.java:22)
... Removed 22 stack frames]]>
    </failure>
  </testcase> <!-- @BeforeTest beforeTest -->
  <testcase classname="example.NewTest" name="@AfterTest afterTest" time="0.0">
    <skipped/>
  </testcase> <!-- @AfterTest afterTest -->
  <testcase classname="example.NewTest" name="testEasy" time="0.001">
    <skipped/>
  </testcase> <!-- testEasy -->
</testsuite> <!-- Test -->
